<?xml version="1.0" encoding="UTF-8"?>
<testsuite name="parkinglot.ParkingLotServiceTest" tests="1" skipped="0" failures="0" errors="0" timestamp="2020-06-19T13:52:15" hostname="LAPTOP-U0R5V4IK" time="0.471">
  <properties/>
  <testcase name="givenVehicleNumberToPark_whenParked_shouldReturnOccupiedSpotsInASlot" classname="parkinglot.ParkingLotServiceTest" time="0.471"/>
  <system-out><![CDATA[]]></system-out>
  <system-err><![CDATA[]]></system-err>
</testsuite>
