<?xml version="1.0" encoding="UTF-8"?>
<testsuite name="parkinglot.ParkingLotProblemTest" tests="17" skipped="0" failures="1" errors="0" timestamp="2020-06-13T17:40:47" hostname="LAPTOP-U0R5V4IK" time="0.025">
  <properties/>
  <testcase name="givenVehicle_whenParkedinParkingLot_shouldReturnCorrectSize" classname="parkinglot.ParkingLotProblemTest" time="0.006"/>
  <testcase name="givenVehicleNumbersToPark_whenParkingLotIsFull_shouldThrowException" classname="parkinglot.ParkingLotProblemTest" time="0.001"/>
  <testcase name="givenEmptyCarNumber_whenUnparked_shouldThrowExecption" classname="parkinglot.ParkingLotProblemTest" time="0.002"/>
  <testcase name="givenVehicle_whentheNumberisNull_shouldThrowExecption" classname="parkinglot.ParkingLotProblemTest" time="0.0"/>
  <testcase name="givenWrongVehicleNumberToUnPark_shouldThrowException" classname="parkinglot.ParkingLotProblemTest" time="0.0"/>
  <testcase name="givenCarToUnpark_whenunparked_shouldReturnTrue" classname="parkinglot.ParkingLotProblemTest" time="0.005"/>
  <testcase name="givenVehicle_whenNumberisNull_shouldThrowExecption" classname="parkinglot.ParkingLotProblemTest" time="0.004">
    <failure message="java.lang.NullPointerException" type="java.lang.NullPointerException">java.lang.NullPointerException
	at parkinglot.ParkingLot.getParkingSpot(ParkingLot.java:46)
	at parkinglot.ParkingLot.parkVehicle(ParkingLot.java:35)
	at parkinglot.ParkingLotProblemTest.givenVehicle_whenNumberisNull_shouldThrowExecption(ParkingLotProblemTest.java:41)
	at sun.reflect.NativeMethodAccessorImpl.invoke0(Native Method)
	at sun.reflect.NativeMethodAccessorImpl.invoke(NativeMethodAccessorImpl.java:62)
	at sun.reflect.DelegatingMethodAccessorImpl.invoke(DelegatingMethodAccessorImpl.java:43)
	at java.lang.reflect.Method.invoke(Method.java:498)
	at org.junit.runners.model.FrameworkMethod$1.runReflectiveCall(FrameworkMethod.java:50)
	at org.junit.internal.runners.model.ReflectiveCallable.run(ReflectiveCallable.java:12)
	at org.junit.runners.model.FrameworkMethod.invokeExplosively(FrameworkMethod.java:47)
	at org.junit.internal.runners.statements.InvokeMethod.evaluate(InvokeMethod.java:17)
	at org.junit.internal.runners.statements.RunBefores.evaluate(RunBefores.java:26)
	at org.junit.runners.ParentRunner.runLeaf(ParentRunner.java:325)
	at org.junit.runners.BlockJUnit4ClassRunner.runChild(BlockJUnit4ClassRunner.java:78)
	at org.junit.runners.BlockJUnit4ClassRunner.runChild(BlockJUnit4ClassRunner.java:57)
	at org.junit.runners.ParentRunner$3.run(ParentRunner.java:290)
	at org.junit.runners.ParentRunner$1.schedule(ParentRunner.java:71)
	at org.junit.runners.ParentRunner.runChildren(ParentRunner.java:288)
	at org.junit.runners.ParentRunner.access$000(ParentRunner.java:58)
	at org.junit.runners.ParentRunner$2.evaluate(ParentRunner.java:268)
	at org.junit.runners.ParentRunner.run(ParentRunner.java:363)
	at org.gradle.api.internal.tasks.testing.junit.JUnitTestClassExecutor.runTestClass(JUnitTestClassExecutor.java:110)
	at org.gradle.api.internal.tasks.testing.junit.JUnitTestClassExecutor.execute(JUnitTestClassExecutor.java:58)
	at org.gradle.api.internal.tasks.testing.junit.JUnitTestClassExecutor.execute(JUnitTestClassExecutor.java:38)
	at org.gradle.api.internal.tasks.testing.junit.AbstractJUnitTestClassProcessor.processTestClass(AbstractJUnitTestClassProcessor.java:62)
	at org.gradle.api.internal.tasks.testing.SuiteTestClassProcessor.processTestClass(SuiteTestClassProcessor.java:51)
	at sun.reflect.NativeMethodAccessorImpl.invoke0(Native Method)
	at sun.reflect.NativeMethodAccessorImpl.invoke(NativeMethodAccessorImpl.java:62)
	at sun.reflect.DelegatingMethodAccessorImpl.invoke(DelegatingMethodAccessorImpl.java:43)
	at java.lang.reflect.Method.invoke(Method.java:498)
	at org.gradle.internal.dispatch.ReflectionDispatch.dispatch(ReflectionDispatch.java:36)
	at org.gradle.internal.dispatch.ReflectionDispatch.dispatch(ReflectionDispatch.java:24)
	at org.gradle.internal.dispatch.ContextClassLoaderDispatch.dispatch(ContextClassLoaderDispatch.java:33)
	at org.gradle.internal.dispatch.ProxyDispatchAdapter$DispatchingInvocationHandler.invoke(ProxyDispatchAdapter.java:94)
	at com.sun.proxy.$Proxy2.processTestClass(Unknown Source)
	at org.gradle.api.internal.tasks.testing.worker.TestWorker.processTestClass(TestWorker.java:118)
	at sun.reflect.NativeMethodAccessorImpl.invoke0(Native Method)
	at sun.reflect.NativeMethodAccessorImpl.invoke(NativeMethodAccessorImpl.java:62)
	at sun.reflect.DelegatingMethodAccessorImpl.invoke(DelegatingMethodAccessorImpl.java:43)
	at java.lang.reflect.Method.invoke(Method.java:498)
	at org.gradle.internal.dispatch.ReflectionDispatch.dispatch(ReflectionDispatch.java:36)
	at org.gradle.internal.dispatch.ReflectionDispatch.dispatch(ReflectionDispatch.java:24)
	at org.gradle.internal.remote.internal.hub.MessageHubBackedObjectConnection$DispatchWrapper.dispatch(MessageHubBackedObjectConnection.java:182)
	at org.gradle.internal.remote.internal.hub.MessageHubBackedObjectConnection$DispatchWrapper.dispatch(MessageHubBackedObjectConnection.java:164)
	at org.gradle.internal.remote.internal.hub.MessageHub$Handler.run(MessageHub.java:412)
	at org.gradle.internal.concurrent.ExecutorPolicy$CatchAndRecordFailures.onExecute(ExecutorPolicy.java:64)
	at org.gradle.internal.concurrent.ManagedExecutorImpl$1.run(ManagedExecutorImpl.java:48)
	at java.util.concurrent.ThreadPoolExecutor.runWorker(ThreadPoolExecutor.java:1149)
	at java.util.concurrent.ThreadPoolExecutor$Worker.run(ThreadPoolExecutor.java:624)
	at org.gradle.internal.concurrent.ThreadFactoryImpl$ManagedThreadRunnable.run(ThreadFactoryImpl.java:56)
	at java.lang.Thread.run(Thread.java:748)
</failure>
  </testcase>
  <testcase name="givenVehicleNumbersToPark_whenParked_shouldReturnNumberOfVehiclesParked" classname="parkinglot.ParkingLotProblemTest" time="0.0"/>
  <testcase name="givenVehicle_whenFound_shouldReturnParkedSpot" classname="parkinglot.ParkingLotProblemTest" time="0.0"/>
  <testcase name="whenNoVehicleisParkedinParkingLot_shouldReturnEmpty" classname="parkinglot.ParkingLotProblemTest" time="0.0"/>
  <testcase name="givenEmptyCarNumber_shouldThrowExecption" classname="parkinglot.ParkingLotProblemTest" time="0.0"/>
  <testcase name="givenVehicleNumbersToUnPark_whenUnPark_shouldReturnParkedTime" classname="parkinglot.ParkingLotProblemTest" time="0.0"/>
  <testcase name="givenVehicleToPark_whenDriverisHandicapped_shouldParkAtNearestFreeSpot" classname="parkinglot.ParkingLotProblemTest" time="0.0"/>
  <testcase name="givenVehicle_whenUnparkedfromParkingLot_shouldReturnCorrectSize" classname="parkinglot.ParkingLotProblemTest" time="0.0"/>
  <testcase name="givenNewCar_whenParkedinparkingLot_shouldReturnTrue" classname="parkinglot.ParkingLotProblemTest" time="0.0"/>
  <testcase name="givenSameVehicleNumberisParked_shouldThrowException" classname="parkinglot.ParkingLotProblemTest" time="0.001"/>
  <testcase name="givenCar_whenParkedinparkingLot_shouldReturnTrue" classname="parkinglot.ParkingLotProblemTest" time="0.0"/>
  <system-out><![CDATA[Available spaces are3
Available spaces are4
]]></system-out>
  <system-err><![CDATA[]]></system-err>
</testsuite>
