<?xml version="1.0" encoding="UTF-8"?>
<testsuite name="parkinglot.ParkingSlotProblemTest" tests="17" skipped="0" failures="0" errors="0" timestamp="2020-06-18T10:26:47" hostname="LAPTOP-U0R5V4IK" time="0.033">
  <properties/>
  <testcase name="givenVehicle_whenParkedinParkingLot_shouldReturnCorrectSize" classname="parkinglot.ParkingSlotProblemTest" time="0.009"/>
  <testcase name="givenVehicleNumbersToPark_whenParkingLotIsFull_shouldThrowException" classname="parkinglot.ParkingSlotProblemTest" time="0.001"/>
  <testcase name="givenEmptyCarNumber_whenUnparked_shouldThrowExecption" classname="parkinglot.ParkingSlotProblemTest" time="0.001"/>
  <testcase name="givenVehicle_whentheNumberisNull_shouldThrowExecption" classname="parkinglot.ParkingSlotProblemTest" time="0.0"/>
  <testcase name="givenWrongVehicleNumberToUnPark_shouldThrowException" classname="parkinglot.ParkingSlotProblemTest" time="0.0"/>
  <testcase name="givenCarToUnpark_whenunparked_shouldReturnTrue" classname="parkinglot.ParkingSlotProblemTest" time="0.005"/>
  <testcase name="givenVehicle_whenNumberisNull_shouldThrowExecption" classname="parkinglot.ParkingSlotProblemTest" time="0.0"/>
  <testcase name="givenVehicleNumbersToPark_whenParked_shouldReturnNumberOfVehiclesParked" classname="parkinglot.ParkingSlotProblemTest" time="0.0"/>
  <testcase name="givenVehicle_whenFound_shouldReturnParkedSpot" classname="parkinglot.ParkingSlotProblemTest" time="0.0"/>
  <testcase name="whenNoVehicleisParkedinParkingLot_shouldReturnEmpty" classname="parkinglot.ParkingSlotProblemTest" time="0.0"/>
  <testcase name="givenEmptyCarNumber_shouldThrowExecption" classname="parkinglot.ParkingSlotProblemTest" time="0.0"/>
  <testcase name="givenVehicleNumbersToUnPark_whenUnPark_shouldReturnParkedTime" classname="parkinglot.ParkingSlotProblemTest" time="0.0"/>
  <testcase name="givenVehicleToPark_whenDriverisHandicapped_shouldParkAtNearestFreeSpot" classname="parkinglot.ParkingSlotProblemTest" time="0.0"/>
  <testcase name="givenVehicle_whenUnparkedfromParkingLot_shouldReturnCorrectSize" classname="parkinglot.ParkingSlotProblemTest" time="0.0"/>
  <testcase name="givenNewCar_whenParkedinparkingLot_shouldReturnTrue" classname="parkinglot.ParkingSlotProblemTest" time="0.001"/>
  <testcase name="givenSameVehicleNumberisParked_shouldThrowException" classname="parkinglot.ParkingSlotProblemTest" time="0.006"/>
  <testcase name="givenCar_whenParkedinparkingLot_shouldReturnTrue" classname="parkinglot.ParkingSlotProblemTest" time="0.0"/>
  <system-out><![CDATA[Available spaces are3
Available spaces are4
]]></system-out>
  <system-err><![CDATA[]]></system-err>
</testsuite>
