<?xml version="1.0" encoding="UTF-8"?>
<testsuite name="parkinglot.ParkingLotProblemTest" tests="1" skipped="0" failures="0" errors="0" timestamp="2020-06-13T05:07:51" hostname="LAPTOP-U0R5V4IK" time="0.005">
  <properties/>
  <testcase name="givenVehicleNumbersToUnPark_whenUnPark_shouldReturnParkedTime" classname="parkinglot.ParkingLotProblemTest" time="0.005"/>
  <system-out><![CDATA[]]></system-out>
  <system-err><![CDATA[]]></system-err>
</testsuite>
