<?xml version="1.0" encoding="UTF-8"?>
<testsuite name="parkinglot.ParkingLotProblemTest" tests="1" skipped="0" failures="0" errors="0" timestamp="2020-06-09T14:08:09" hostname="LAPTOP-U0R5V4IK" time="0.003">
  <properties/>
  <testcase name="givenNoVehicle_shouldReturnSize0" classname="parkinglot.ParkingLotProblemTest" time="0.003"/>
  <system-out><![CDATA[]]></system-out>
  <system-err><![CDATA[]]></system-err>
</testsuite>
